Determining if the pthread_create exist failed with the following output:
Change Dir: /home/kusstas/SortLetter/Build/CMakeFiles/CMakeTmp

Run Build Command:"/usr/bin/make" "cmTC_44078/fast"
/usr/bin/make -f CMakeFiles/cmTC_44078.dir/build.make CMakeFiles/cmTC_44078.dir/build
make[1]: вход в каталог «/home/kusstas/SortLetter/Build/CMakeFiles/CMakeTmp»
Building C object CMakeFiles/cmTC_44078.dir/CheckSymbolExists.c.o
/usr/bin/cc     -o CMakeFiles/cmTC_44078.dir/CheckSymbolExists.c.o   -c /home/kusstas/SortLetter/Build/CMakeFiles/CMakeTmp/CheckSymbolExists.c
Linking C executable cmTC_44078
/usr/bin/cmake -E cmake_link_script CMakeFiles/cmTC_44078.dir/link.txt --verbose=1
/usr/bin/cc       CMakeFiles/cmTC_44078.dir/CheckSymbolExists.c.o  -o cmTC_44078 -rdynamic 
CMakeFiles/cmTC_44078.dir/CheckSymbolExists.c.o: In function `main':
CheckSymbolExists.c:(.text+0x16): undefined reference to `pthread_create'
collect2: error: ld returned 1 exit status
CMakeFiles/cmTC_44078.dir/build.make:97: ошибка выполнения рецепта для цели «cmTC_44078»
make[1]: *** [cmTC_44078] Ошибка 1
make[1]: выход из каталога «/home/kusstas/SortLetter/Build/CMakeFiles/CMakeTmp»
Makefile:126: ошибка выполнения рецепта для цели «cmTC_44078/fast»
make: *** [cmTC_44078/fast] Ошибка 2

File /home/kusstas/SortLetter/Build/CMakeFiles/CMakeTmp/CheckSymbolExists.c:
/* */
#include <pthread.h>

int main(int argc, char** argv)
{
  (void)argv;
#ifndef pthread_create
  return ((int*)(&pthread_create))[argc];
#else
  (void)argc;
  return 0;
#endif
}

Determining if the function pthread_create exists in the pthreads failed with the following output:
Change Dir: /home/kusstas/SortLetter/Build/CMakeFiles/CMakeTmp

Run Build Command:"/usr/bin/make" "cmTC_bf8e9/fast"
/usr/bin/make -f CMakeFiles/cmTC_bf8e9.dir/build.make CMakeFiles/cmTC_bf8e9.dir/build
make[1]: вход в каталог «/home/kusstas/SortLetter/Build/CMakeFiles/CMakeTmp»
Building C object CMakeFiles/cmTC_bf8e9.dir/CheckFunctionExists.c.o
/usr/bin/cc    -DCHECK_FUNCTION_EXISTS=pthread_create   -o CMakeFiles/cmTC_bf8e9.dir/CheckFunctionExists.c.o   -c /usr/share/cmake-3.5/Modules/CheckFunctionExists.c
Linking C executable cmTC_bf8e9
/usr/bin/cmake -E cmake_link_script CMakeFiles/cmTC_bf8e9.dir/link.txt --verbose=1
/usr/bin/cc   -DCHECK_FUNCTION_EXISTS=pthread_create    CMakeFiles/cmTC_bf8e9.dir/CheckFunctionExists.c.o  -o cmTC_bf8e9 -rdynamic -lpthreads 
/usr/bin/ld: cannot find -lpthreads
collect2: error: ld returned 1 exit status
CMakeFiles/cmTC_bf8e9.dir/build.make:97: ошибка выполнения рецепта для цели «cmTC_bf8e9»
make[1]: *** [cmTC_bf8e9] Ошибка 1
make[1]: выход из каталога «/home/kusstas/SortLetter/Build/CMakeFiles/CMakeTmp»
Makefile:126: ошибка выполнения рецепта для цели «cmTC_bf8e9/fast»
make: *** [cmTC_bf8e9/fast] Ошибка 2


